<?xml version="1.0" encoding="UTF-8"?>
<testsuite xmlns:xsi="http://www.w3.org/2001/XMLSchema-instance" xsi:noNamespaceSchemaLocation="https://maven.apache.org/surefire/maven-surefire-plugin/xsd/surefire-test-report-3.0.xsd" version="3.0" name="runners.RunnerClass" time="26.151" tests="3" errors="0" skipped="0" failures="0">
  <properties>
[...]
</properties>
  <testcase name="Add an employee" classname="This feature is going to add employee in HRMS application" time="10.772">
    <system-out><![CDATA[
@smoke
Scenario: Add an employee                             # src/test/resources/features/AddEmployee.feature:13
  When user enters valid admin username and password  # steps.LoginSteps.user_enters_valid_admin_username_and_password()
  And user clicks on login button                     # steps.LoginSteps.user_clicks_on_login_button()
test passed
  Then admin user is successfully logged in           # steps.LoginSteps.admin_user_is_successfully_logged_in()
  When user clicks on PIM option                      # steps.EmployeeSearchSteps.user_clicks_on_pim_option()
  And user clicks on add employee option              # steps.AddEmployeeSteps.user_clicks_on_add_employee_option()
  When user enters firstName, middleName and lastName # steps.AddEmployeeSteps.user_enters_first_name_middle_name_and_last_name()
  And user clicks on save button                      # steps.AddEmployeeSteps.user_clicks_on_save_button()
Employee added
  Then employee add successfully                      # steps.AddEmployeeSteps.employee_add_successfully()

    Embedding Add an employee [image/png 102552 bytes]

]]></system-out>
    <system-err><![CDATA[SLF4J: Failed to load class "org.slf4j.impl.StaticLoggerBinder".
SLF4J: Defaulting to no-operation (NOP) logger implementation
SLF4J: See http://www.slf4j.org/codes.html#StaticLoggerBinder for further details.
Starting ChromeDriver 92.0.4515.107 (87a818b10553a07434ea9e2b6dccf3cbe7895134-refs/branch-heads/4515@{#1634}) on port 2587
Only local connections are allowed.
Please see https://chromedriver.chromium.org/security-considerations for suggestions on keeping ChromeDriver safe.
ChromeDriver was started successfully.
Aug 24, 2022 3:54:33 PM org.openqa.selenium.remote.ProtocolHandshake createSession
INFO: Detected dialect: W3C
]]></system-err>
  </testcase>
  <testcase name="Search employee by id" classname="Employee search" time="9.086">
    <system-out><![CDATA[
@smoke @sprint2 @regression
Scenario: Search employee by id                      # src/test/resources/features/EmployeeSearch.feature:11
  When user enters valid admin username and password # steps.LoginSteps.user_enters_valid_admin_username_and_password()
  And user clicks on login button                    # steps.LoginSteps.user_clicks_on_login_button()
test passed
  Then admin user is successfully logged in          # steps.LoginSteps.admin_user_is_successfully_logged_in()
  When user clicks on PIM option                     # steps.EmployeeSearchSteps.user_clicks_on_pim_option()
  And user clicks on employee list option            # steps.EmployeeSearchSteps.user_clicks_on_employee_list_option()
  When user enters valid employee id                 # steps.EmployeeSearchSteps.user_enters_valid_employee_id()
  And user clicks on search button                   # steps.EmployeeSearchSteps.user_clicks_on_search_button()
Test Passed
  Then user is able to see the employee              # steps.EmployeeSearchSteps.user_is_able_to_see_the_employee()

    Embedding Search employee by id [image/png 57685 bytes]

]]></system-out>
    <system-err><![CDATA[Starting ChromeDriver 92.0.4515.107 (87a818b10553a07434ea9e2b6dccf3cbe7895134-refs/branch-heads/4515@{#1634}) on port 9152
Only local connections are allowed.
Please see https://chromedriver.chromium.org/security-considerations for suggestions on keeping ChromeDriver safe.
ChromeDriver was started successfully.
Aug 24, 2022 3:54:43 PM org.openqa.selenium.remote.ProtocolHandshake createSession
INFO: Detected dialect: W3C
]]></system-err>
  </testcase>
  <testcase name="Valid admin login" classname="Login feature" time="5.183">
    <system-out><![CDATA[
@smoke @sprint29
Scenario: Valid admin login                          # src/test/resources/features/Login.feature:4
  When user enters valid admin username and password # steps.LoginSteps.user_enters_valid_admin_username_and_password()
  And user clicks on login button                    # steps.LoginSteps.user_clicks_on_login_button()
test passed
  Then admin user is successfully logged in          # steps.LoginSteps.admin_user_is_successfully_logged_in()

    Embedding Valid admin login [image/png 57040 bytes]

]]></system-out>
    <system-err><![CDATA[Starting ChromeDriver 92.0.4515.107 (87a818b10553a07434ea9e2b6dccf3cbe7895134-refs/branch-heads/4515@{#1634}) on port 8875
Only local connections are allowed.
Please see https://chromedriver.chromium.org/security-considerations for suggestions on keeping ChromeDriver safe.
ChromeDriver was started successfully.
Aug 24, 2022 3:54:52 PM org.openqa.selenium.remote.ProtocolHandshake createSession
INFO: Detected dialect: W3C
]]></system-err>
  </testcase>
</testsuite>